// 同步 ID: 4597ed8f @ Thu Jul  2 02:06:14 UTC 2026
// 同步 ID: e67c88a9 @ Thu Jul  2 08:56:06 UTC 2026
// 重构日志: 00a10c59
// 重构日志: 0b85afb8
// 重构日志: 826d954e
// 重构日志: 54215310
// 同步 ID: 9be6fe20 @ Fri Jul  3 17:42:08 UTC 2026
// 同步 ID: e00e6f62 @ Fri Jul  3 23:27:37 UTC 2026
// 重构日志: e2af6b63
// 同步 ID: 3625a35a @ Sat Jul  4 12:01:05 UTC 2026
// 重构日志: 9e2f44c4
// 同步 ID: 68c9b5d8 @ Sun Jul  5 13:09:10 UTC 2026
// 重构日志: 86e1d44e
// 重构日志: 24d8eb90
// 同步 ID: e044d1bb @ Tue Jul  7 06:08:04 UTC 2026
// 同步 ID: 3d364eb1 @ Tue Jul  7 13:22:30 UTC 2026
// 同步 ID: 9f747830 @ Thu Jul  9 10:31:22 UTC 2026
// 同步 ID: 61663ea1 @ Fri Jul 10 18:41:39 UTC 2026
// 重构日志: a6af2410
// 重构日志: cd1ee24e
// 重构日志: 0d48a774
// 重构日志: fb88bcc2
// 同步 ID: 6742a3a0 @ Sun Jul 12 16:59:02 UTC 2026
// 重构日志: 7c7447a7
// 重构日志: ea5c8442
// 重构日志: 56cf735b
// 重构日志: 0fb2d537
// 同步 ID: 172f025f @ Wed Jul 15 12:02:50 UTC 2026
// 同步 ID: d03251e5 @ Wed Jul 15 19:31:41 UTC 2026
// 同步 ID: 6d691d11 @ Thu Jul 16 08:02:55 UTC 2026
// 重构日志: 30e75c3e
// 重构日志: 4f23ba82
